C51 COMPILER V9.59.0.0   QUESTAOI                                                          10/23/2018 22:40:26 PAGE 1   


C51 COMPILER V9.59.0.0, COMPILATION OF MODULE QUESTAOI
OBJECT MODULE PLACED IN .\Objects\questaoI.obj
COMPILER INVOKED BY: C:\Keil_v5\C51\BIN\C51.EXE questaoI.c OPTIMIZE(8,SPEED) BROWSE DEBUG OBJECTEXTEND PRINT(.\Listings\
                    -questaoI.lst) TABS(2) OBJECT(.\Objects\questaoI.obj)

line level    source

   1          #include<at89x52.h>
   2          
   3          #define Tea P0_1
   4          #define Coffee P0_2
   5          #define Glass P0_3
   6          
   7          const HIGH = 1;
   8          const LOW = 0;
   9          
  10          void delay(unsigned int time_ms)
  11          {
  12   1        unsigned int i, j;
  13   1        for (i = 0; i < time_ms; i++)
  14   1        {
  15   2          for (j = 0; j < 12750; j++)
  16   2          {
  17   3          }
  18   2        }
  19   1      }
  20          
  21          void coinInterrupt() interrupt 0 
  22          {
  23   1        if(Tea == HIGH && Coffee == LOW)
  24   1        {
  25   2          Glass = HIGH;
  26   2          delay(1000);
  27   2          Glass = LOW;
  28   2          Tea = LOW;
  29   2          P3_2 = 1;
  30   2        }
  31   1        else if(Coffee == HIGH && Tea == LOW)
  32   1        {
  33   2          Glass = HIGH;          
  34   2          delay(1000);            
  35   2          Glass = LOW;     
  36   2          Coffee = LOW;
  37   2          P3_2 = 1;
  38   2        }
  39   1      }
  40          
  41          int main()
  42          {
  43   1          EA = 1;  
  44   1          EX0 = 1; 
  45   1          P0 = LOW;
  46   1          P1 = LOW;
  47   1          
  48   1          while(1)
  49   1          {
  50   2          }
  51   1      }


MODULE INFORMATION:   STATIC OVERLAYABLE
C51 COMPILER V9.59.0.0   QUESTAOI                                                          10/23/2018 22:40:26 PAGE 2   

   CODE SIZE        =    166    ----
   CONSTANT SIZE    =   ----    ----
   XDATA SIZE       =   ----    ----
   PDATA SIZE       =   ----    ----
   DATA SIZE        =      4    ----
   IDATA SIZE       =   ----    ----
   BIT SIZE         =   ----    ----
END OF MODULE INFORMATION.


C51 COMPILATION COMPLETE.  0 WARNING(S),  0 ERROR(S)
